Secret Diary/task/build/intermediates/manifest_merge_blame_file/debug/manifest-merger-blame-debug-report.txt
1<?xml version="1.0" encoding="utf-8"?>
2<manifest xmlns:android="http://schemas.android.com/apk/res/android"
3    package="org.hyperskill.secretdiary"
4    android:versionCode="1"
5    android:versionName="1.0" >
6
7    <uses-sdk
8        android:minSdkVersion="20"
8-->src\main\AndroidManifest.xml
9        android:targetSdkVersion="29" />
9-->src\main\AndroidManifest.xml
10
11    <uses-permission android:name="android.permission.REORDER_TASKS" />
11-->[androidx.test:core:1.4.0] AndroidManifest.xml:24:5-72
11-->[androidx.test:core:1.4.0] AndroidManifest.xml:24:22-69
12
13    <application
13-->src\main\AndroidManifest.xml:5:3-19:17
14        android:allowBackup="true"
14-->src\main\AndroidManifest.xml:6:7-33
15        android:appComponentFactory="androidx.core.app.CoreComponentFactory"
15-->[androidx.core:core:1.6.0] AndroidManifest.xml:24:18-86
16        android:debuggable="true"
17        android:icon="@mipmap/ic_launcher"
17-->src\main\AndroidManifest.xml:7:7-41
18        android:label="Secret Diary"
18-->src\main\AndroidManifest.xml:8:7-35
19        android:roundIcon="@mipmap/ic_launcher_round"
19-->src\main\AndroidManifest.xml:9:7-52
20        android:supportsRtl="true"
20-->src\main\AndroidManifest.xml:10:7-33
21        android:theme="@style/AppTheme" >
21-->src\main\AndroidManifest.xml:11:7-38
22        <activity android:name="org.hyperskill.secretdiary.MainActivity" >
22-->src\main\AndroidManifest.xml:12:5-18:16
22-->src\main\AndroidManifest.xml:12:15-69
23            <intent-filter>
23-->src\main\AndroidManifest.xml:13:7-17:23
24                <action android:name="android.intent.action.MAIN" />
24-->src\main\AndroidManifest.xml:14:9-61
24-->src\main\AndroidManifest.xml:14:17-58
25
26                <category android:name="android.intent.category.LAUNCHER" />
26-->src\main\AndroidManifest.xml:16:9-69
26-->src\main\AndroidManifest.xml:16:19-66
27            </intent-filter>
28        </activity>
29        <activity
29-->[androidx.test:core:1.4.0] AndroidManifest.xml:27:9-34:20
30            android:name="androidx.test.core.app.InstrumentationActivityInvoker$BootstrapActivity"
30-->[androidx.test:core:1.4.0] AndroidManifest.xml:28:13-99
31            android:exported="true"
31-->[androidx.test:core:1.4.0] AndroidManifest.xml:29:13-36
32            android:theme="@android:style/Theme" >
32-->[androidx.test:core:1.4.0] AndroidManifest.xml:30:13-49
33            <intent-filter>
33-->[androidx.test:core:1.4.0] AndroidManifest.xml:31:13-33:29
34                <action android:name="android.intent.action.MAIN" />
34-->src\main\AndroidManifest.xml:14:9-61
34-->src\main\AndroidManifest.xml:14:17-58
35            </intent-filter>
36        </activity>
37        <activity
37-->[androidx.test:core:1.4.0] AndroidManifest.xml:35:9-42:20
38            android:name="androidx.test.core.app.InstrumentationActivityInvoker$EmptyActivity"
38-->[androidx.test:core:1.4.0] AndroidManifest.xml:36:13-95
39            android:exported="true"
39-->[androidx.test:core:1.4.0] AndroidManifest.xml:37:13-36
40            android:theme="@android:style/Theme" >
40-->[androidx.test:core:1.4.0] AndroidManifest.xml:38:13-49
41            <intent-filter>
41-->[androidx.test:core:1.4.0] AndroidManifest.xml:31:13-33:29
42                <action android:name="android.intent.action.MAIN" />
42-->src\main\AndroidManifest.xml:14:9-61
42-->src\main\AndroidManifest.xml:14:17-58
43            </intent-filter>
44        </activity>
45        <activity
45-->[androidx.test:core:1.4.0] AndroidManifest.xml:43:9-50:20
46            android:name="androidx.test.core.app.InstrumentationActivityInvoker$EmptyFloatingActivity"
46-->[androidx.test:core:1.4.0] AndroidManifest.xml:44:13-103
47            android:exported="true"
47-->[androidx.test:core:1.4.0] AndroidManifest.xml:45:13-36
48            android:theme="@android:style/Theme.Dialog" >
48-->[androidx.test:core:1.4.0] AndroidManifest.xml:46:13-56
49            <intent-filter>
49-->[androidx.test:core:1.4.0] AndroidManifest.xml:31:13-33:29
50                <action android:name="android.intent.action.MAIN" />
50-->src\main\AndroidManifest.xml:14:9-61
50-->src\main\AndroidManifest.xml:14:17-58
51            </intent-filter>
52        </activity>
53    </application>
54
55</manifest>